0 silly input []
1 silly flags { _: [ 'bootstrap' ],
1 silly flags   'reject-cycles': false,
1 silly flags   rejectCycles: false,
1 silly flags   args: [] }
2 verbose rootPath /Users/Home/Documents/Coding/pride-london-web-gatsby
3 info version 2.11.0
4 silly existsSync /Users/Home/Documents/Coding/pride-london-web-gatsby/VERSION
5 silly initialize attempt
6 silly npmConfig { registry: undefined,
6 silly npmConfig   npmClient: undefined,
6 silly npmConfig   npmClientArgs: undefined,
6 silly npmConfig   mutex: undefined }
7 silly initialize success
8 silly execute attempt
9 info Bootstrapping 1 packages
10 info lifecycle preinstall
11 silly runScript preinstall @pride/pride-events
12 silly @pride/pride-events
13 silly hasDependencyInstalled @pride/pride-events enzyme
14 silly dependencyIsSatisfied [ 'enzyme',
14 silly dependencyIsSatisfied   '^3.3.0',
14 silly dependencyIsSatisfied   '/Users/Home/Documents/Coding/pride-london-web-gatsby/packages/events/node_modules' ]
15 verbose dependencyIsSatisfied enzyme false
16 silly hasDependencyInstalled @pride/pride-events enzyme-adapter-react-16
17 silly dependencyIsSatisfied [ 'enzyme-adapter-react-16',
17 silly dependencyIsSatisfied   '^1.1.1',
17 silly dependencyIsSatisfied   '/Users/Home/Documents/Coding/pride-london-web-gatsby/packages/events/node_modules' ]
18 verbose dependencyIsSatisfied enzyme-adapter-react-16 false
19 silly hasDependencyInstalled @pride/pride-events eslint
20 silly dependencyIsSatisfied [ 'eslint',
20 silly dependencyIsSatisfied   '^4.19.1',
20 silly dependencyIsSatisfied   '/Users/Home/Documents/Coding/pride-london-web-gatsby/packages/events/node_modules' ]
21 verbose dependencyIsSatisfied eslint false
22 silly hasDependencyInstalled @pride/pride-events eslint-config-airbnb
23 silly dependencyIsSatisfied [ 'eslint-config-airbnb',
23 silly dependencyIsSatisfied   '^16.1.0',
23 silly dependencyIsSatisfied   '/Users/Home/Documents/Coding/pride-london-web-gatsby/packages/events/node_modules' ]
24 verbose dependencyIsSatisfied eslint-config-airbnb false
25 silly hasDependencyInstalled @pride/pride-events eslint-plugin-import
26 silly dependencyIsSatisfied [ 'eslint-plugin-import',
26 silly dependencyIsSatisfied   '^2.11.0',
26 silly dependencyIsSatisfied   '/Users/Home/Documents/Coding/pride-london-web-gatsby/packages/events/node_modules' ]
27 verbose dependencyIsSatisfied eslint-plugin-import false
28 silly hasDependencyInstalled @pride/pride-events eslint-plugin-jest
29 silly dependencyIsSatisfied [ 'eslint-plugin-jest',
29 silly dependencyIsSatisfied   '^21.17.0',
29 silly dependencyIsSatisfied   '/Users/Home/Documents/Coding/pride-london-web-gatsby/packages/events/node_modules' ]
30 verbose dependencyIsSatisfied eslint-plugin-jest false
31 silly hasDependencyInstalled @pride/pride-events eslint-plugin-jsx-a11y
32 silly dependencyIsSatisfied [ 'eslint-plugin-jsx-a11y',
32 silly dependencyIsSatisfied   '^6.0.3',
32 silly dependencyIsSatisfied   '/Users/Home/Documents/Coding/pride-london-web-gatsby/packages/events/node_modules' ]
33 verbose dependencyIsSatisfied eslint-plugin-jsx-a11y false
34 silly hasDependencyInstalled @pride/pride-events eslint-plugin-prettier
35 silly dependencyIsSatisfied [ 'eslint-plugin-prettier',
35 silly dependencyIsSatisfied   '^2.6.0',
35 silly dependencyIsSatisfied   '/Users/Home/Documents/Coding/pride-london-web-gatsby/packages/events/node_modules' ]
36 verbose dependencyIsSatisfied eslint-plugin-prettier false
37 silly hasDependencyInstalled @pride/pride-events eslint-plugin-react
38 silly dependencyIsSatisfied [ 'eslint-plugin-react',
38 silly dependencyIsSatisfied   '^7.8.2',
38 silly dependencyIsSatisfied   '/Users/Home/Documents/Coding/pride-london-web-gatsby/packages/events/node_modules' ]
39 verbose dependencyIsSatisfied eslint-plugin-react false
40 silly hasDependencyInstalled @pride/pride-events husky
41 silly dependencyIsSatisfied [ 'husky',
41 silly dependencyIsSatisfied   '^0.14.3',
41 silly dependencyIsSatisfied   '/Users/Home/Documents/Coding/pride-london-web-gatsby/packages/events/node_modules' ]
42 verbose dependencyIsSatisfied husky false
43 silly hasDependencyInstalled @pride/pride-events lerna
44 silly dependencyIsSatisfied [ 'lerna',
44 silly dependencyIsSatisfied   '^2.11.0',
44 silly dependencyIsSatisfied   '/Users/Home/Documents/Coding/pride-london-web-gatsby/packages/events/node_modules' ]
45 verbose dependencyIsSatisfied lerna false
46 silly hasDependencyInstalled @pride/pride-events babel-eslint
47 silly dependencyIsSatisfied [ 'babel-eslint',
47 silly dependencyIsSatisfied   '^8.2.3',
47 silly dependencyIsSatisfied   '/Users/Home/Documents/Coding/pride-london-web-gatsby/packages/events/node_modules' ]
48 verbose dependencyIsSatisfied babel-eslint false
49 silly hasDependencyInstalled @pride/pride-events babel-plugin-styled-components
50 silly dependencyIsSatisfied [ 'babel-plugin-styled-components',
50 silly dependencyIsSatisfied   '^1.5.1',
50 silly dependencyIsSatisfied   '/Users/Home/Documents/Coding/pride-london-web-gatsby/packages/events/node_modules' ]
51 verbose dependencyIsSatisfied babel-plugin-styled-components false
52 silly hasDependencyInstalled @pride/pride-events babel-plugin-transform-class-properties
53 silly dependencyIsSatisfied [ 'babel-plugin-transform-class-properties',
53 silly dependencyIsSatisfied   '^6.24.1',
53 silly dependencyIsSatisfied   '/Users/Home/Documents/Coding/pride-london-web-gatsby/packages/events/node_modules' ]
54 verbose dependencyIsSatisfied babel-plugin-transform-class-properties false
55 silly hasDependencyInstalled @pride/pride-events dotenv
56 silly dependencyIsSatisfied [ 'dotenv',
56 silly dependencyIsSatisfied   '^5.0.1',
56 silly dependencyIsSatisfied   '/Users/Home/Documents/Coding/pride-london-web-gatsby/packages/events/node_modules' ]
57 verbose dependencyIsSatisfied dotenv false
58 silly hasDependencyInstalled @pride/pride-events enzyme-to-json
59 silly dependencyIsSatisfied [ 'enzyme-to-json',
59 silly dependencyIsSatisfied   '^3.3.4',
59 silly dependencyIsSatisfied   '/Users/Home/Documents/Coding/pride-london-web-gatsby/packages/events/node_modules' ]
60 verbose dependencyIsSatisfied enzyme-to-json false
61 silly hasDependencyInstalled @pride/pride-events gatsby-source-contentful
62 silly dependencyIsSatisfied [ 'gatsby-source-contentful',
62 silly dependencyIsSatisfied   '^1.3.52',
62 silly dependencyIsSatisfied   '/Users/Home/Documents/Coding/pride-london-web-gatsby/packages/events/node_modules' ]
63 verbose dependencyIsSatisfied gatsby-source-contentful false
64 silly hasDependencyInstalled @pride/pride-events jest
65 silly dependencyIsSatisfied [ 'jest',
65 silly dependencyIsSatisfied   '^23.1.0',
65 silly dependencyIsSatisfied   '/Users/Home/Documents/Coding/pride-london-web-gatsby/packages/events/node_modules' ]
66 verbose dependencyIsSatisfied jest false
67 silly hasDependencyInstalled @pride/pride-events jest-environment-jsdom
68 silly dependencyIsSatisfied [ 'jest-environment-jsdom',
68 silly dependencyIsSatisfied   '^23.1.0',
68 silly dependencyIsSatisfied   '/Users/Home/Documents/Coding/pride-london-web-gatsby/packages/events/node_modules' ]
69 verbose dependencyIsSatisfied jest-environment-jsdom false
70 silly hasDependencyInstalled @pride/pride-events jest-styled-components
71 silly dependencyIsSatisfied [ 'jest-styled-components',
71 silly dependencyIsSatisfied   '^5.0.1',
71 silly dependencyIsSatisfied   '/Users/Home/Documents/Coding/pride-london-web-gatsby/packages/events/node_modules' ]
72 verbose dependencyIsSatisfied jest-styled-components false
73 silly hasDependencyInstalled @pride/pride-events lint-staged
74 silly dependencyIsSatisfied [ 'lint-staged',
74 silly dependencyIsSatisfied   '^7.1.2',
74 silly dependencyIsSatisfied   '/Users/Home/Documents/Coding/pride-london-web-gatsby/packages/events/node_modules' ]
75 verbose dependencyIsSatisfied lint-staged false
76 silly hasDependencyInstalled @pride/pride-events now
77 silly dependencyIsSatisfied [ 'now',
77 silly dependencyIsSatisfied   '^11.1.12',
77 silly dependencyIsSatisfied   '/Users/Home/Documents/Coding/pride-london-web-gatsby/packages/events/node_modules' ]
78 verbose dependencyIsSatisfied now false
79 silly hasDependencyInstalled @pride/pride-events prettier
80 silly dependencyIsSatisfied [ 'prettier',
80 silly dependencyIsSatisfied   '^1.12.1',
80 silly dependencyIsSatisfied   '/Users/Home/Documents/Coding/pride-london-web-gatsby/packages/events/node_modules' ]
81 verbose dependencyIsSatisfied prettier false
82 silly hasDependencyInstalled @pride/pride-events prop-types
83 silly dependencyIsSatisfied [ 'prop-types',
83 silly dependencyIsSatisfied   '^15.6.1',
83 silly dependencyIsSatisfied   '/Users/Home/Documents/Coding/pride-london-web-gatsby/packages/events/node_modules' ]
84 verbose dependencyIsSatisfied prop-types false
85 silly hasDependencyInstalled @pride/pride-events react
86 silly dependencyIsSatisfied [ 'react',
86 silly dependencyIsSatisfied   '^16.3.2',
86 silly dependencyIsSatisfied   '/Users/Home/Documents/Coding/pride-london-web-gatsby/packages/events/node_modules' ]
87 verbose dependencyIsSatisfied react false
88 silly hasDependencyInstalled @pride/pride-events react-dom
89 silly dependencyIsSatisfied [ 'react-dom',
89 silly dependencyIsSatisfied   '^16.3.2',
89 silly dependencyIsSatisfied   '/Users/Home/Documents/Coding/pride-london-web-gatsby/packages/events/node_modules' ]
90 verbose dependencyIsSatisfied react-dom false
91 silly hasDependencyInstalled @pride/pride-events react-markdown
92 silly dependencyIsSatisfied [ 'react-markdown',
92 silly dependencyIsSatisfied   '^3.3.2',
92 silly dependencyIsSatisfied   '/Users/Home/Documents/Coding/pride-london-web-gatsby/packages/events/node_modules' ]
93 verbose dependencyIsSatisfied react-markdown false
94 silly hasDependencyInstalled @pride/pride-events react-router-dom
95 silly dependencyIsSatisfied [ 'react-router-dom',
95 silly dependencyIsSatisfied   '^4.2.2',
95 silly dependencyIsSatisfied   '/Users/Home/Documents/Coding/pride-london-web-gatsby/packages/events/node_modules' ]
96 verbose dependencyIsSatisfied react-router-dom false
97 silly hasDependencyInstalled @pride/pride-events svg-react-loader
98 silly dependencyIsSatisfied [ 'svg-react-loader',
98 silly dependencyIsSatisfied   '^0.4.5',
98 silly dependencyIsSatisfied   '/Users/Home/Documents/Coding/pride-london-web-gatsby/packages/events/node_modules' ]
99 verbose dependencyIsSatisfied svg-react-loader false
100 silly hasDependencyInstalled @pride/pride-events babel-polyfill
101 silly dependencyIsSatisfied [ 'babel-polyfill',
101 silly dependencyIsSatisfied   '^6.26.0',
101 silly dependencyIsSatisfied   '/Users/Home/Documents/Coding/pride-london-web-gatsby/packages/events/node_modules' ]
102 verbose dependencyIsSatisfied babel-polyfill false
103 silly hasDependencyInstalled @pride/pride-events gatsby
104 silly dependencyIsSatisfied [ 'gatsby',
104 silly dependencyIsSatisfied   '^1.9.270',
104 silly dependencyIsSatisfied   '/Users/Home/Documents/Coding/pride-london-web-gatsby/packages/events/node_modules' ]
105 verbose dependencyIsSatisfied gatsby false
106 silly hasDependencyInstalled @pride/pride-events gatsby-link
107 silly dependencyIsSatisfied [ 'gatsby-link',
107 silly dependencyIsSatisfied   '^1.6.40',
107 silly dependencyIsSatisfied   '/Users/Home/Documents/Coding/pride-london-web-gatsby/packages/events/node_modules' ]
108 verbose dependencyIsSatisfied gatsby-link false
109 silly hasDependencyInstalled @pride/pride-events gatsby-plugin-react-helmet
110 silly dependencyIsSatisfied [ 'gatsby-plugin-react-helmet',
110 silly dependencyIsSatisfied   '^2.0.10',
110 silly dependencyIsSatisfied   '/Users/Home/Documents/Coding/pride-london-web-gatsby/packages/events/node_modules' ]
111 verbose dependencyIsSatisfied gatsby-plugin-react-helmet false
112 silly hasDependencyInstalled @pride/pride-events gatsby-plugin-react-next
113 silly dependencyIsSatisfied [ 'gatsby-plugin-react-next',
113 silly dependencyIsSatisfied   '^1.0.11',
113 silly dependencyIsSatisfied   '/Users/Home/Documents/Coding/pride-london-web-gatsby/packages/events/node_modules' ]
114 verbose dependencyIsSatisfied gatsby-plugin-react-next false
115 silly hasDependencyInstalled @pride/pride-events gatsby-plugin-styled-components
116 silly dependencyIsSatisfied [ 'gatsby-plugin-styled-components',
116 silly dependencyIsSatisfied   '^2.0.11',
116 silly dependencyIsSatisfied   '/Users/Home/Documents/Coding/pride-london-web-gatsby/packages/events/node_modules' ]
117 verbose dependencyIsSatisfied gatsby-plugin-styled-components false
118 silly hasDependencyInstalled @pride/pride-events grid-styled
119 silly dependencyIsSatisfied [ 'grid-styled',
119 silly dependencyIsSatisfied   '^4.1.0',
119 silly dependencyIsSatisfied   '/Users/Home/Documents/Coding/pride-london-web-gatsby/packages/events/node_modules' ]
120 verbose dependencyIsSatisfied grid-styled false
121 silly hasDependencyInstalled @pride/pride-events moment
122 silly dependencyIsSatisfied [ 'moment',
122 silly dependencyIsSatisfied   '^2.22.1',
122 silly dependencyIsSatisfied   '/Users/Home/Documents/Coding/pride-london-web-gatsby/packages/events/node_modules' ]
123 verbose dependencyIsSatisfied moment false
124 silly hasDependencyInstalled @pride/pride-events no-scroll
125 silly dependencyIsSatisfied [ 'no-scroll',
125 silly dependencyIsSatisfied   '^2.1.1',
125 silly dependencyIsSatisfied   '/Users/Home/Documents/Coding/pride-london-web-gatsby/packages/events/node_modules' ]
126 verbose dependencyIsSatisfied no-scroll false
127 silly hasDependencyInstalled @pride/pride-events polished
128 silly dependencyIsSatisfied [ 'polished',
128 silly dependencyIsSatisfied   '^1.9.2',
128 silly dependencyIsSatisfied   '/Users/Home/Documents/Coding/pride-london-web-gatsby/packages/events/node_modules' ]
129 verbose dependencyIsSatisfied polished false
130 silly hasDependencyInstalled @pride/pride-events querystring
131 silly dependencyIsSatisfied [ 'querystring',
131 silly dependencyIsSatisfied   '^0.2.0',
131 silly dependencyIsSatisfied   '/Users/Home/Documents/Coding/pride-london-web-gatsby/packages/events/node_modules' ]
132 verbose dependencyIsSatisfied querystring false
133 silly hasDependencyInstalled @pride/pride-events react-accessible-accordion
134 silly dependencyIsSatisfied [ 'react-accessible-accordion',
134 silly dependencyIsSatisfied   '^2.4.0',
134 silly dependencyIsSatisfied   '/Users/Home/Documents/Coding/pride-london-web-gatsby/packages/events/node_modules' ]
135 verbose dependencyIsSatisfied react-accessible-accordion false
136 silly hasDependencyInstalled @pride/pride-events react-dates
137 silly dependencyIsSatisfied [ 'react-dates',
137 silly dependencyIsSatisfied   '^16.7.0',
137 silly dependencyIsSatisfied   '/Users/Home/Documents/Coding/pride-london-web-gatsby/packages/events/node_modules' ]
138 verbose dependencyIsSatisfied react-dates false
139 silly hasDependencyInstalled @pride/pride-events react-flip-move
140 silly dependencyIsSatisfied [ 'react-flip-move',
140 silly dependencyIsSatisfied   '^3.0.2',
140 silly dependencyIsSatisfied   '/Users/Home/Documents/Coding/pride-london-web-gatsby/packages/events/node_modules' ]
141 verbose dependencyIsSatisfied react-flip-move false
142 silly hasDependencyInstalled @pride/pride-events react-helmet
143 silly dependencyIsSatisfied [ 'react-helmet',
143 silly dependencyIsSatisfied   '^5.2.0',
143 silly dependencyIsSatisfied   '/Users/Home/Documents/Coding/pride-london-web-gatsby/packages/events/node_modules' ]
144 verbose dependencyIsSatisfied react-helmet false
145 silly hasDependencyInstalled @pride/pride-events react-onclickoutside
146 silly dependencyIsSatisfied [ 'react-onclickoutside',
146 silly dependencyIsSatisfied   '^6.7.1',
146 silly dependencyIsSatisfied   '/Users/Home/Documents/Coding/pride-london-web-gatsby/packages/events/node_modules' ]
147 verbose dependencyIsSatisfied react-onclickoutside false
148 silly hasDependencyInstalled @pride/pride-events react-test-renderer
149 silly dependencyIsSatisfied [ 'react-test-renderer',
149 silly dependencyIsSatisfied   '^16.3.2',
149 silly dependencyIsSatisfied   '/Users/Home/Documents/Coding/pride-london-web-gatsby/packages/events/node_modules' ]
150 verbose dependencyIsSatisfied react-test-renderer false
151 silly hasDependencyInstalled @pride/pride-events string-hash
152 silly dependencyIsSatisfied [ 'string-hash',
152 silly dependencyIsSatisfied   '^1.1.3',
152 silly dependencyIsSatisfied   '/Users/Home/Documents/Coding/pride-london-web-gatsby/packages/events/node_modules' ]
153 verbose dependencyIsSatisfied string-hash false
154 silly hasDependencyInstalled @pride/pride-events styled-components
155 silly dependencyIsSatisfied [ 'styled-components',
155 silly dependencyIsSatisfied   '^3.2.6',
155 silly dependencyIsSatisfied   '/Users/Home/Documents/Coding/pride-london-web-gatsby/packages/events/node_modules' ]
156 verbose dependencyIsSatisfied styled-components false
157 silly root dependencies []
158 silly leaf dependencies {
158 silly leaf dependencies   "@pride/pride-events": [
158 silly leaf dependencies     {
158 silly leaf dependencies       "dependency": "enzyme@^3.3.0",
158 silly leaf dependencies       "isSatisfied": false
158 silly leaf dependencies     },
158 silly leaf dependencies     {
158 silly leaf dependencies       "dependency": "enzyme-adapter-react-16@^1.1.1",
158 silly leaf dependencies       "isSatisfied": false
158 silly leaf dependencies     },
158 silly leaf dependencies     {
158 silly leaf dependencies       "dependency": "eslint@^4.19.1",
158 silly leaf dependencies       "isSatisfied": false
158 silly leaf dependencies     },
158 silly leaf dependencies     {
158 silly leaf dependencies       "dependency": "eslint-config-airbnb@^16.1.0",
158 silly leaf dependencies       "isSatisfied": false
158 silly leaf dependencies     },
158 silly leaf dependencies     {
158 silly leaf dependencies       "dependency": "eslint-plugin-import@^2.11.0",
158 silly leaf dependencies       "isSatisfied": false
158 silly leaf dependencies     },
158 silly leaf dependencies     {
158 silly leaf dependencies       "dependency": "eslint-plugin-jest@^21.17.0",
158 silly leaf dependencies       "isSatisfied": false
158 silly leaf dependencies     },
158 silly leaf dependencies     {
158 silly leaf dependencies       "dependency": "eslint-plugin-jsx-a11y@^6.0.3",
158 silly leaf dependencies       "isSatisfied": false
158 silly leaf dependencies     },
158 silly leaf dependencies     {
158 silly leaf dependencies       "dependency": "eslint-plugin-prettier@^2.6.0",
158 silly leaf dependencies       "isSatisfied": false
158 silly leaf dependencies     },
158 silly leaf dependencies     {
158 silly leaf dependencies       "dependency": "eslint-plugin-react@^7.8.2",
158 silly leaf dependencies       "isSatisfied": false
158 silly leaf dependencies     },
158 silly leaf dependencies     {
158 silly leaf dependencies       "dependency": "husky@^0.14.3",
158 silly leaf dependencies       "isSatisfied": false
158 silly leaf dependencies     },
158 silly leaf dependencies     {
158 silly leaf dependencies       "dependency": "lerna@^2.11.0",
158 silly leaf dependencies       "isSatisfied": false
158 silly leaf dependencies     },
158 silly leaf dependencies     {
158 silly leaf dependencies       "dependency": "babel-eslint@^8.2.3",
158 silly leaf dependencies       "isSatisfied": false
158 silly leaf dependencies     },
158 silly leaf dependencies     {
158 silly leaf dependencies       "dependency": "babel-plugin-styled-components@^1.5.1",
158 silly leaf dependencies       "isSatisfied": false
158 silly leaf dependencies     },
158 silly leaf dependencies     {
158 silly leaf dependencies       "dependency": "babel-plugin-transform-class-properties@^6.24.1",
158 silly leaf dependencies       "isSatisfied": false
158 silly leaf dependencies     },
158 silly leaf dependencies     {
158 silly leaf dependencies       "dependency": "dotenv@^5.0.1",
158 silly leaf dependencies       "isSatisfied": false
158 silly leaf dependencies     },
158 silly leaf dependencies     {
158 silly leaf dependencies       "dependency": "enzyme-to-json@^3.3.4",
158 silly leaf dependencies       "isSatisfied": false
158 silly leaf dependencies     },
158 silly leaf dependencies     {
158 silly leaf dependencies       "dependency": "gatsby-source-contentful@^1.3.52",
158 silly leaf dependencies       "isSatisfied": false
158 silly leaf dependencies     },
158 silly leaf dependencies     {
158 silly leaf dependencies       "dependency": "jest@^23.1.0",
158 silly leaf dependencies       "isSatisfied": false
158 silly leaf dependencies     },
158 silly leaf dependencies     {
158 silly leaf dependencies       "dependency": "jest-environment-jsdom@^23.1.0",
158 silly leaf dependencies       "isSatisfied": false
158 silly leaf dependencies     },
158 silly leaf dependencies     {
158 silly leaf dependencies       "dependency": "jest-styled-components@^5.0.1",
158 silly leaf dependencies       "isSatisfied": false
158 silly leaf dependencies     },
158 silly leaf dependencies     {
158 silly leaf dependencies       "dependency": "lint-staged@^7.1.2",
158 silly leaf dependencies       "isSatisfied": false
158 silly leaf dependencies     },
158 silly leaf dependencies     {
158 silly leaf dependencies       "dependency": "now@^11.1.12",
158 silly leaf dependencies       "isSatisfied": false
158 silly leaf dependencies     },
158 silly leaf dependencies     {
158 silly leaf dependencies       "dependency": "prettier@^1.12.1",
158 silly leaf dependencies       "isSatisfied": false
158 silly leaf dependencies     },
158 silly leaf dependencies     {
158 silly leaf dependencies       "dependency": "prop-types@^15.6.1",
158 silly leaf dependencies       "isSatisfied": false
158 silly leaf dependencies     },
158 silly leaf dependencies     {
158 silly leaf dependencies       "dependency": "react@^16.3.2",
158 silly leaf dependencies       "isSatisfied": false
158 silly leaf dependencies     },
158 silly leaf dependencies     {
158 silly leaf dependencies       "dependency": "react-dom@^16.3.2",
158 silly leaf dependencies       "isSatisfied": false
158 silly leaf dependencies     },
158 silly leaf dependencies     {
158 silly leaf dependencies       "dependency": "react-markdown@^3.3.2",
158 silly leaf dependencies       "isSatisfied": false
158 silly leaf dependencies     },
158 silly leaf dependencies     {
158 silly leaf dependencies       "dependency": "react-router-dom@^4.2.2",
158 silly leaf dependencies       "isSatisfied": false
158 silly leaf dependencies     },
158 silly leaf dependencies     {
158 silly leaf dependencies       "dependency": "svg-react-loader@^0.4.5",
158 silly leaf dependencies       "isSatisfied": false
158 silly leaf dependencies     },
158 silly leaf dependencies     {
158 silly leaf dependencies       "dependency": "babel-polyfill@^6.26.0",
158 silly leaf dependencies       "isSatisfied": false
158 silly leaf dependencies     },
158 silly leaf dependencies     {
158 silly leaf dependencies       "dependency": "gatsby@^1.9.270",
158 silly leaf dependencies       "isSatisfied": false
158 silly leaf dependencies     },
158 silly leaf dependencies     {
158 silly leaf dependencies       "dependency": "gatsby-link@^1.6.40",
158 silly leaf dependencies       "isSatisfied": false
158 silly leaf dependencies     },
158 silly leaf dependencies     {
158 silly leaf dependencies       "dependency": "gatsby-plugin-react-helmet@^2.0.10",
158 silly leaf dependencies       "isSatisfied": false
158 silly leaf dependencies     },
158 silly leaf dependencies     {
158 silly leaf dependencies       "dependency": "gatsby-plugin-react-next@^1.0.11",
158 silly leaf dependencies       "isSatisfied": false
158 silly leaf dependencies     },
158 silly leaf dependencies     {
158 silly leaf dependencies       "dependency": "gatsby-plugin-styled-components@^2.0.11",
158 silly leaf dependencies       "isSatisfied": false
158 silly leaf dependencies     },
158 silly leaf dependencies     {
158 silly leaf dependencies       "dependency": "grid-styled@^4.1.0",
158 silly leaf dependencies       "isSatisfied": false
158 silly leaf dependencies     },
158 silly leaf dependencies     {
158 silly leaf dependencies       "dependency": "moment@^2.22.1",
158 silly leaf dependencies       "isSatisfied": false
158 silly leaf dependencies     },
158 silly leaf dependencies     {
158 silly leaf dependencies       "dependency": "no-scroll@^2.1.1",
158 silly leaf dependencies       "isSatisfied": false
158 silly leaf dependencies     },
158 silly leaf dependencies     {
158 silly leaf dependencies       "dependency": "polished@^1.9.2",
158 silly leaf dependencies       "isSatisfied": false
158 silly leaf dependencies     },
158 silly leaf dependencies     {
158 silly leaf dependencies       "dependency": "querystring@^0.2.0",
158 silly leaf dependencies       "isSatisfied": false
158 silly leaf dependencies     },
158 silly leaf dependencies     {
158 silly leaf dependencies       "dependency": "react-accessible-accordion@^2.4.0",
158 silly leaf dependencies       "isSatisfied": false
158 silly leaf dependencies     },
158 silly leaf dependencies     {
158 silly leaf dependencies       "dependency": "react-dates@^16.7.0",
158 silly leaf dependencies       "isSatisfied": false
158 silly leaf dependencies     },
158 silly leaf dependencies     {
158 silly leaf dependencies       "dependency": "react-flip-move@^3.0.2",
158 silly leaf dependencies       "isSatisfied": false
158 silly leaf dependencies     },
158 silly leaf dependencies     {
158 silly leaf dependencies       "dependency": "react-helmet@^5.2.0",
158 silly leaf dependencies       "isSatisfied": false
158 silly leaf dependencies     },
158 silly leaf dependencies     {
158 silly leaf dependencies       "dependency": "react-onclickoutside@^6.7.1",
158 silly leaf dependencies       "isSatisfied": false
158 silly leaf dependencies     },
158 silly leaf dependencies     {
158 silly leaf dependencies       "dependency": "react-test-renderer@^16.3.2",
158 silly leaf dependencies       "isSatisfied": false
158 silly leaf dependencies     },
158 silly leaf dependencies     {
158 silly leaf dependencies       "dependency": "string-hash@^1.1.3",
158 silly leaf dependencies       "isSatisfied": false
158 silly leaf dependencies     },
158 silly leaf dependencies     {
158 silly leaf dependencies       "dependency": "styled-components@^3.2.6",
158 silly leaf dependencies       "isSatisfied": false
158 silly leaf dependencies     }
158 silly leaf dependencies   ]
158 silly leaf dependencies }
159 info Installing external dependencies
160 verbose actions 1 actions, concurrency 4
161 silly installInDir events [ 'enzyme@^3.3.0',
161 silly installInDir   'enzyme-adapter-react-16@^1.1.1',
161 silly installInDir   'eslint@^4.19.1',
161 silly installInDir   'eslint-config-airbnb@^16.1.0',
161 silly installInDir   'eslint-plugin-import@^2.11.0',
161 silly installInDir   'eslint-plugin-jest@^21.17.0',
161 silly installInDir   'eslint-plugin-jsx-a11y@^6.0.3',
161 silly installInDir   'eslint-plugin-prettier@^2.6.0',
161 silly installInDir   'eslint-plugin-react@^7.8.2',
161 silly installInDir   'husky@^0.14.3',
161 silly installInDir   'lerna@^2.11.0',
161 silly installInDir   'babel-eslint@^8.2.3',
161 silly installInDir   'babel-plugin-styled-components@^1.5.1',
161 silly installInDir   'babel-plugin-transform-class-properties@^6.24.1',
161 silly installInDir   'dotenv@^5.0.1',
161 silly installInDir   'enzyme-to-json@^3.3.4',
161 silly installInDir   'gatsby-source-contentful@^1.3.52',
161 silly installInDir   'jest@^23.1.0',
161 silly installInDir   'jest-environment-jsdom@^23.1.0',
161 silly installInDir   'jest-styled-components@^5.0.1',
161 silly installInDir   'lint-staged@^7.1.2',
161 silly installInDir   'now@^11.1.12',
161 silly installInDir   'prettier@^1.12.1',
161 silly installInDir   'prop-types@^15.6.1',
161 silly installInDir   'react@^16.3.2',
161 silly installInDir   'react-dom@^16.3.2',
161 silly installInDir   'react-markdown@^3.3.2',
161 silly installInDir   'react-router-dom@^4.2.2',
161 silly installInDir   'svg-react-loader@^0.4.5',
161 silly installInDir   'babel-polyfill@^6.26.0',
161 silly installInDir   'gatsby@^1.9.270',
161 silly installInDir   'gatsby-link@^1.6.40',
161 silly installInDir   'gatsby-plugin-react-helmet@^2.0.10',
161 silly installInDir   'gatsby-plugin-react-next@^1.0.11',
161 silly installInDir   'gatsby-plugin-styled-components@^2.0.11',
161 silly installInDir   'grid-styled@^4.1.0',
161 silly installInDir   'moment@^2.22.1',
161 silly installInDir   'no-scroll@^2.1.1',
161 silly installInDir   'polished@^1.9.2',
161 silly installInDir   'querystring@^0.2.0',
161 silly installInDir   'react-accessible-accordion@^2.4.0',
161 silly installInDir   'react-dates@^16.7.0',
161 silly installInDir   'react-flip-move@^3.0.2',
161 silly installInDir   'react-helmet@^5.2.0',
161 silly installInDir   'react-onclickoutside@^6.7.1',
161 silly installInDir   'react-test-renderer@^16.3.2',
161 silly installInDir   'string-hash@^1.1.3',
161 silly installInDir   'styled-components@^3.2.6' ]
162 silly installInDir backup /Users/Home/Documents/Coding/pride-london-web-gatsby/packages/events/package.json
163 silly rename [ '/Users/Home/Documents/Coding/pride-london-web-gatsby/packages/events/package.json',
163 silly rename   '/Users/Home/Documents/Coding/pride-london-web-gatsby/packages/events/package.json.lerna_backup' ]
164 silly installInDir writing tempJson { dependencies:
164 silly installInDir    { enzyme: '^3.3.0',
164 silly installInDir      'enzyme-adapter-react-16': '^1.1.1',
164 silly installInDir      eslint: '^4.19.1',
164 silly installInDir      'eslint-config-airbnb': '^16.1.0',
164 silly installInDir      'eslint-plugin-import': '^2.11.0',
164 silly installInDir      'eslint-plugin-jest': '^21.17.0',
164 silly installInDir      'eslint-plugin-jsx-a11y': '^6.0.3',
164 silly installInDir      'eslint-plugin-prettier': '^2.6.0',
164 silly installInDir      'eslint-plugin-react': '^7.8.2',
164 silly installInDir      husky: '^0.14.3',
164 silly installInDir      lerna: '^2.11.0',
164 silly installInDir      'babel-eslint': '^8.2.3',
164 silly installInDir      'babel-plugin-styled-components': '^1.5.1',
164 silly installInDir      'babel-plugin-transform-class-properties': '^6.24.1',
164 silly installInDir      dotenv: '^5.0.1',
164 silly installInDir      'enzyme-to-json': '^3.3.4',
164 silly installInDir      'gatsby-source-contentful': '^1.3.52',
164 silly installInDir      jest: '^23.1.0',
164 silly installInDir      'jest-environment-jsdom': '^23.1.0',
164 silly installInDir      'jest-styled-components': '^5.0.1',
164 silly installInDir      'lint-staged': '^7.1.2',
164 silly installInDir      now: '^11.1.12',
164 silly installInDir      prettier: '^1.12.1',
164 silly installInDir      'prop-types': '^15.6.1',
164 silly installInDir      react: '^16.3.2',
164 silly installInDir      'react-dom': '^16.3.2',
164 silly installInDir      'react-markdown': '^3.3.2',
164 silly installInDir      'react-router-dom': '^4.2.2',
164 silly installInDir      'svg-react-loader': '^0.4.5',
164 silly installInDir      'babel-polyfill': '^6.26.0',
164 silly installInDir      gatsby: '^1.9.270',
164 silly installInDir      'gatsby-link': '^1.6.40',
164 silly installInDir      'gatsby-plugin-react-helmet': '^2.0.10',
164 silly installInDir      'gatsby-plugin-react-next': '^1.0.11',
164 silly installInDir      'gatsby-plugin-styled-components': '^2.0.11',
164 silly installInDir      'grid-styled': '^4.1.0',
164 silly installInDir      moment: '^2.22.1',
164 silly installInDir      'no-scroll': '^2.1.1',
164 silly installInDir      polished: '^1.9.2',
164 silly installInDir      querystring: '^0.2.0',
164 silly installInDir      'react-accessible-accordion': '^2.4.0',
164 silly installInDir      'react-dates': '^16.7.0',
164 silly installInDir      'react-flip-move': '^3.0.2',
164 silly installInDir      'react-helmet': '^5.2.0',
164 silly installInDir      'react-onclickoutside': '^6.7.1',
164 silly installInDir      'react-test-renderer': '^16.3.2',
164 silly installInDir      'string-hash': '^1.1.3',
164 silly installInDir      'styled-components': '^3.2.6' } }
165 silly getExecOpts { cwd: '/Users/Home/Documents/Coding/pride-london-web-gatsby/packages/events' }
166 silly installInDir [ 'npm', [ 'install' ] ]
167 silly installInDir cleanup /Users/Home/Documents/Coding/pride-london-web-gatsby/packages/events/package.json
168 silly renameSync [ '/Users/Home/Documents/Coding/pride-london-web-gatsby/packages/events/package.json.lerna_backup',
168 silly renameSync   '/Users/Home/Documents/Coding/pride-london-web-gatsby/packages/events/package.json' ]
169 verbose installed leaf @pride/pride-events
170 error execute callback with error
171 error Error: Command failed: npm install
171 error info sharp Downloading https://github.com/lovell/sharp-libvips/releases/download/v8.6.1/libvips-8.6.1-darwin-x64.tar.gz
171 error   ✔ cwebp pre-build test passed successfully
171 error   ✔ pngquant pre-build test passed successfully
171 error { Error: ENOENT: no such file or directory, rename '/Users/Home/Documents/Coding/pride-london-web-gatsby/packages/events/node_modules/now/download/dist/now.partial' -> '/Users/Home/Documents/Coding/pride-london-web-gatsby/packages/events/node_modules/now/download/dist/now'
171 error     at Object.fs.renameSync (fs.js:766:18)
171 error     at _callee2$ (/Users/Home/Documents/Coding/pride-london-web-gatsby/packages/events/node_modules/now/download/dist/download.js:2673:25)
171 error     at tryCatch (/Users/Home/Documents/Coding/pride-london-web-gatsby/packages/events/node_modules/now/download/dist/download.js:2891:40)
171 error     at Generator.invoke [as _invoke] (/Users/Home/Documents/Coding/pride-london-web-gatsby/packages/events/node_modules/now/download/dist/download.js:3125:22)
171 error     at Generator.prototype.(anonymous function) [as next] (/Users/Home/Documents/Coding/pride-london-web-gatsby/packages/events/node_modules/now/download/dist/download.js:2943:21)
171 error     at step (/Users/Home/Documents/Coding/pride-london-web-gatsby/packages/events/node_modules/now/download/dist/download.js:3574:30)
171 error     at _next (/Users/Home/Documents/Coding/pride-london-web-gatsby/packages/events/node_modules/now/download/dist/download.js:3589:9)
171 error     at <anonymous>
171 error     at process._tickCallback (internal/process/next_tick.js:188:7)
171 error   errno: -2,
171 error   code: 'ENOENT',
171 error   syscall: 'rename',
171 error   path: '/Users/Home/Documents/Coding/pride-london-web-gatsby/packages/events/node_modules/now/download/dist/now.partial',
171 error   dest: '/Users/Home/Documents/Coding/pride-london-web-gatsby/packages/events/node_modules/now/download/dist/now' }
171 error npm WARN events No description
171 error npm WARN events No repository field.
171 error npm WARN events No license field.
171 error
171 error npm ERR! code ELIFECYCLE
171 error npm ERR! errno 2
171 error npm ERR! now@11.2.4 postinstall: `node download/install.js`
171 error npm ERR! Exit status 2
171 error npm ERR!
171 error npm ERR! Failed at the now@11.2.4 postinstall script.
171 error npm ERR! This is probably not a problem with npm. There is likely additional logging output above.
171 error
171 error npm ERR! A complete log of this run can be found in:
171 error npm ERR!     /Users/Home/.npm/_logs/2018-07-05T07_43_40_457Z-debug.log
171 error
171 error > fsevents@1.2.4 install /Users/Home/Documents/Coding/pride-london-web-gatsby/packages/events/node_modules/fsevents
171 error > node install
171 error
171 error [fsevents] Success: "/Users/Home/Documents/Coding/pride-london-web-gatsby/packages/events/node_modules/fsevents/lib/binding/Release/node-v57-darwin-x64/fse.node" already installed
171 error Pass --update-binary to reinstall or --build-from-source to recompile
171 error
171 error > sharp@0.20.4 install /Users/Home/Documents/Coding/pride-london-web-gatsby/packages/events/node_modules/sharp
171 error > (node install/libvips && node install/dll-copy && prebuild-install) || (node-gyp rebuild && node install/dll-copy)
171 error
171 error
171 error > husky@0.14.3 install /Users/Home/Documents/Coding/pride-london-web-gatsby/packages/events/node_modules/husky
171 error > node ./bin/install.js
171 error
171 error husky
171 error setting up Git hooks
171 error done
171 error
171 error
171 error > cwebp-bin@4.0.0 postinstall /Users/Home/Documents/Coding/pride-london-web-gatsby/packages/events/node_modules/cwebp-bin
171 error > node lib/install.js
171 error
171 error
171 error > pngquant-bin@3.1.1 postinstall /Users/Home/Documents/Coding/pride-london-web-gatsby/packages/events/node_modules/pngquant-bin
171 error > node lib/install.js
171 error
171 error
171 error > now@11.2.4 postinstall /Users/Home/Documents/Coding/pride-london-web-gatsby/packages/events/node_modules/now
171 error > node download/install.js
171 error
171 error > For the source code, check out: https://github.com/zeit/now-cli
171 error
171 error
171 error
171 error
171 error     at Promise.all.then.arr (/Users/Home/.config/yarn/global/node_modules/execa/index.js:236:11)
171 error     at <anonymous>
